<?xml version="1.0" encoding="UTF-8"?>
<Site BuildName="(empty)"
	BuildStamp="20230707-0048-Experimental"
	Name="(empty)"
	Generator="ctest-3.25.1"
	CompilerName=""
	CompilerVersion=""
	OSName="Linux"
	Hostname="anypc"
	OSRelease="6.1.0-9-amd64"
	OSVersion="#1 SMP PREEMPT_DYNAMIC Debian 6.1.27-1 (2023-05-08)"
	OSPlatform="x86_64"
	Is64Bits="1"
	VendorString="AuthenticAMD"
	VendorID="Advanced Micro Devices"
	FamilyID="25"
	ModelID="33"
	ProcessorCacheSize="512"
	NumberOfLogicalCPU="16"
	NumberOfPhysicalCPU="8"
	TotalVirtualMemory="979"
	TotalPhysicalMemory="31988"
	LogicalProcessorsPerPhysical="2"
	ProcessorClockFrequency="4649.9"
	>
	<Testing>
		<StartDateTime>Jul 06 21:01 EDT</StartDateTime>
		<StartTestTime>1688691675</StartTestTime>
		<TestList/>
		<EndDateTime>Jul 06 21:01 EDT</EndDateTime>
		<EndTestTime>1688691675</EndTestTime>
		<ElapsedMinutes>0</ElapsedMinutes>
	</Testing>
</Site>
